<?xml version="1.0" encoding="utf-8"?><testsuites name="pytest tests"><testsuite name="pytest" errors="0" failures="0" skipped="0" tests="10" time="0.954" timestamp="2026-06-14T19:19:29.331950+00:00" hostname="agent-env-ad4647d4-9e2c-4b90-899b-f64d99bf94a7"><testcase classname="backend.tests.test_sphere_api.TestHealth" name="test_root_health" time="0.349" /><testcase classname="backend.tests.test_sphere_api.TestServices" name="test_list_services" time="0.045" /><testcase classname="backend.tests.test_sphere_api.TestContact" name="test_create_contact_success" time="0.046" /><testcase classname="backend.tests.test_sphere_api.TestContact" name="test_contact_persisted_in_list" time="0.044" /><testcase classname="backend.tests.test_sphere_api.TestContact" name="test_invalid_email_returns_422" time="0.048" /><testcase classname="backend.tests.test_sphere_api.TestContact" name="test_missing_required_field_returns_422" time="0.042" /><testcase classname="backend.tests.test_sphere_api.TestContact" name="test_short_message_returns_422" time="0.042" /><testcase classname="backend.tests.test_sphere_api.TestContact" name="test_invalid_phone_returns_422" time="0.042" /><testcase classname="backend.tests.test_sphere_api.TestContact" name="test_short_name_returns_422" time="0.044" /><testcase classname="backend.tests.test_sphere_api.TestContact" name="test_honeypot_silently_accepted_not_stored" time="0.089" /></testsuite></testsuites>